Build started 8/30/2017 8:49:25 AM.
     1>Project "C:\Users\PRouff010\Desktop\My Stuff\fileFun\fileFun\fileFun.vcxproj" on node 2 (build target(s)).
     1>InitializeBuildStatus:
         Touching "Debug\fileFun.unsuccessfulbuild".
       ClCompile:
         C:\Program Files (x86)\Microsoft Visual Studio 10.0\VC\bin\CL.exe /c /ZI /nologo /W3 /WX- /Od /Oy- /D WIN32 /D _DEBUG /D _CONSOLE /D _UNICODE /D UNICODE /Gm /EHsc /RTC1 /MDd /GS /fp:precise /Zc:wchar_t /Zc:forScope /Fo"Debug\\" /Fd"Debug\vc100.pdb" /Gd /TP /analyze- /errorReport:prompt fileFun.cpp
         fileFun.cpp
       ManifestResourceCompile:
         C:\Program Files (x86)\Microsoft SDKs\Windows\v7.0A\bin\rc.exe /nologo /fo"Debug\fileFun.exe.embed.manifest.res" Debug\fileFun_manifest.rc 
       Link:
         C:\Program Files (x86)\Microsoft Visual Studio 10.0\VC\bin\link.exe /ERRORREPORT:PROMPT /OUT:"C:\Users\PRouff010\Desktop\My Stuff\fileFun\Debug\fileFun.exe" /INCREMENTAL /NOLOGO kernel32.lib user32.lib gdi32.lib winspool.lib comdlg32.lib advapi32.lib shell32.lib ole32.lib oleaut32.lib uuid.lib odbc32.lib odbccp32.lib /MANIFEST /ManifestFile:"Debug\fileFun.exe.intermediate.manifest" /MANIFESTUAC:"level='asInvoker' uiAccess='false'" /DEBUG /PDB:"C:\Users\PRouff010\Desktop\My Stuff\fileFun\Debug\fileFun.pdb" /SUBSYSTEM:CONSOLE /TLBID:1 /DYNAMICBASE /NXCOMPAT /IMPLIB:"C:\Users\PRouff010\Desktop\My Stuff\fileFun\Debug\fileFun.lib" /MACHINE:X86 Debug\fileFun.exe.embed.manifest.res
         Debug\fileFun.obj
       Manifest:
         C:\Program Files (x86)\Microsoft SDKs\Windows\v7.0A\bin\mt.exe /nologo /verbose /out:"Debug\fileFun.exe.embed.manifest" /manifest Debug\fileFun.exe.intermediate.manifest
         C:\Program Files (x86)\Microsoft SDKs\Windows\v7.0A\bin\rc.exe /nologo /fo"Debug\fileFun.exe.embed.manifest.res" Debug\fileFun_manifest.rc 
       LinkEmbedManifest:
         C:\Program Files (x86)\Microsoft Visual Studio 10.0\VC\bin\link.exe /ERRORREPORT:PROMPT /OUT:"C:\Users\PRouff010\Desktop\My Stuff\fileFun\Debug\fileFun.exe" /INCREMENTAL /NOLOGO kernel32.lib user32.lib gdi32.lib winspool.lib comdlg32.lib advapi32.lib shell32.lib ole32.lib oleaut32.lib uuid.lib odbc32.lib odbccp32.lib /MANIFEST /ManifestFile:"Debug\fileFun.exe.intermediate.manifest" /MANIFESTUAC:"level='asInvoker' uiAccess='false'" /DEBUG /PDB:"C:\Users\PRouff010\Desktop\My Stuff\fileFun\Debug\fileFun.pdb" /SUBSYSTEM:CONSOLE /TLBID:1 /DYNAMICBASE /NXCOMPAT /IMPLIB:"C:\Users\PRouff010\Desktop\My Stuff\fileFun\Debug\fileFun.lib" /MACHINE:X86 Debug\fileFun.exe.embed.manifest.res
         Debug\fileFun.obj
         fileFun.vcxproj -> C:\Users\PRouff010\Desktop\My Stuff\fileFun\Debug\fileFun.exe
       FinalizeBuildStatus:
         Deleting file "Debug\fileFun.unsuccessfulbuild".
         Touching "Debug\fileFun.lastbuildstate".
     1>Done Building Project "C:\Users\PRouff010\Desktop\My Stuff\fileFun\fileFun\fileFun.vcxproj" (build target(s)).

Build succeeded.

Time Elapsed 00:00:02.43
