Build started 8/17/2017 8:38:02 AM.
     1>Project "C:\Users\PRouff010\Desktop\My Stuff\Day2\Day2\Day2.vcxproj" on node 2 (build target(s)).
     1>InitializeBuildStatus:
         Creating "Debug\Day2.unsuccessfulbuild" because "AlwaysCreate" was specified.
       ClCompile:
         C:\Program Files (x86)\Microsoft Visual Studio 10.0\VC\bin\CL.exe /c /ZI /nologo /W3 /WX- /Od /Oy- /D WIN32 /D _DEBUG /D _CONSOLE /D _UNICODE /D UNICODE /Gm /EHsc /RTC1 /MDd /GS /fp:precise /Zc:wchar_t /Zc:forScope /Fo"Debug\\" /Fd"Debug\vc100.pdb" /Gd /TP /analyze- /errorReport:prompt Day2.cpp
         Day2.cpp
       ManifestResourceCompile:
         All outputs are up-to-date.
       Link:
         C:\Program Files (x86)\Microsoft Visual Studio 10.0\VC\bin\link.exe /ERRORREPORT:PROMPT /OUT:"C:\Users\PRouff010\Desktop\My Stuff\Day2\Debug\Day2.exe" /INCREMENTAL /NOLOGO kernel32.lib user32.lib gdi32.lib winspool.lib comdlg32.lib advapi32.lib shell32.lib ole32.lib oleaut32.lib uuid.lib odbc32.lib odbccp32.lib /MANIFEST /ManifestFile:"Debug\Day2.exe.intermediate.manifest" /MANIFESTUAC:"level='asInvoker' uiAccess='false'" /DEBUG /PDB:"C:\Users\PRouff010\Desktop\My Stuff\Day2\Debug\Day2.pdb" /SUBSYSTEM:CONSOLE /TLBID:1 /DYNAMICBASE /NXCOMPAT /IMPLIB:"C:\Users\PRouff010\Desktop\My Stuff\Day2\Debug\Day2.lib" /MACHINE:X86 Debug\Day2.exe.embed.manifest.res
         Debug\Day2.obj
       Manifest:
         C:\Program Files (x86)\Microsoft SDKs\Windows\v7.0A\bin\mt.exe /nologo /verbose /out:"Debug\Day2.exe.embed.manifest" /manifest Debug\Day2.exe.intermediate.manifest
         All outputs are up-to-date.
       LinkEmbedManifest:
         All outputs are up-to-date.
         Day2.vcxproj -> C:\Users\PRouff010\Desktop\My Stuff\Day2\Debug\Day2.exe
       FinalizeBuildStatus:
         Deleting file "Debug\Day2.unsuccessfulbuild".
         Touching "Debug\Day2.lastbuildstate".
     1>Done Building Project "C:\Users\PRouff010\Desktop\My Stuff\Day2\Day2\Day2.vcxproj" (build target(s)).

Build succeeded.

Time Elapsed 00:00:00.71
