Build started 9/5/2017 8:46:34 AM.
     1>Project "C:\Users\PRouff010\Desktop\My Stuff\football\football\football.vcxproj" on node 2 (build target(s)).
     1>InitializeBuildStatus:
         Creating "Debug\football.unsuccessfulbuild" because "AlwaysCreate" was specified.
       ClCompile:
         C:\Program Files (x86)\Microsoft Visual Studio 10.0\VC\bin\CL.exe /c /ZI /nologo /W3 /WX- /Od /Oy- /D WIN32 /D _DEBUG /D _CONSOLE /D _UNICODE /D UNICODE /Gm /EHsc /RTC1 /MDd /GS /fp:precise /Zc:wchar_t /Zc:forScope /Fo"Debug\\" /Fd"Debug\vc100.pdb" /Gd /TP /analyze- /errorReport:prompt football.cpp
         football.cpp
       ManifestResourceCompile:
         All outputs are up-to-date.
       Link:
         C:\Program Files (x86)\Microsoft Visual Studio 10.0\VC\bin\link.exe /ERRORREPORT:PROMPT /OUT:"C:\Users\PRouff010\Desktop\My Stuff\football\Debug\football.exe" /INCREMENTAL /NOLOGO kernel32.lib user32.lib gdi32.lib winspool.lib comdlg32.lib advapi32.lib shell32.lib ole32.lib oleaut32.lib uuid.lib odbc32.lib odbccp32.lib /MANIFEST /ManifestFile:"Debug\football.exe.intermediate.manifest" /MANIFESTUAC:"level='asInvoker' uiAccess='false'" /DEBUG /PDB:"C:\Users\PRouff010\Desktop\My Stuff\football\Debug\football.pdb" /SUBSYSTEM:CONSOLE /TLBID:1 /DYNAMICBASE /NXCOMPAT /IMPLIB:"C:\Users\PRouff010\Desktop\My Stuff\football\Debug\football.lib" /MACHINE:X86 Debug\football.exe.embed.manifest.res
         Debug\football.obj
       Manifest:
         C:\Program Files (x86)\Microsoft SDKs\Windows\v7.0A\bin\mt.exe /nologo /verbose /out:"Debug\football.exe.embed.manifest" /manifest Debug\football.exe.intermediate.manifest
         All outputs are up-to-date.
       LinkEmbedManifest:
         All outputs are up-to-date.
         football.vcxproj -> C:\Users\PRouff010\Desktop\My Stuff\football\Debug\football.exe
       FinalizeBuildStatus:
         Deleting file "Debug\football.unsuccessfulbuild".
         Touching "Debug\football.lastbuildstate".
     1>Done Building Project "C:\Users\PRouff010\Desktop\My Stuff\football\football\football.vcxproj" (build target(s)).

Build succeeded.

Time Elapsed 00:00:00.73
