Build started 8/17/2017 8:55:28 AM.
     1>Project "C:\Users\PRouff010\Desktop\My Stuff\MyCalculator\MyCalculator\MyCalculator.vcxproj" on node 2 (build target(s)).
     1>InitializeBuildStatus:
         Touching "Debug\MyCalculator.unsuccessfulbuild".
       ClCompile:
         C:\Program Files (x86)\Microsoft Visual Studio 10.0\VC\bin\CL.exe /c /ZI /nologo /W3 /WX- /Od /Oy- /D WIN32 /D _DEBUG /D _CONSOLE /D _UNICODE /D UNICODE /Gm /EHsc /RTC1 /MDd /GS /fp:precise /Zc:wchar_t /Zc:forScope /Fo"Debug\\" /Fd"Debug\vc100.pdb" /Gd /TP /analyze- /errorReport:prompt MyCalc.cpp
         MyCalc.cpp
       ManifestResourceCompile:
         C:\Program Files (x86)\Microsoft SDKs\Windows\v7.0A\bin\rc.exe /nologo /fo"Debug\MyCalculator.exe.embed.manifest.res" Debug\MyCalculator_manifest.rc 
       Link:
         C:\Program Files (x86)\Microsoft Visual Studio 10.0\VC\bin\link.exe /ERRORREPORT:PROMPT /OUT:"C:\Users\PRouff010\Desktop\My Stuff\MyCalculator\Debug\MyCalculator.exe" /INCREMENTAL /NOLOGO kernel32.lib user32.lib gdi32.lib winspool.lib comdlg32.lib advapi32.lib shell32.lib ole32.lib oleaut32.lib uuid.lib odbc32.lib odbccp32.lib /MANIFEST /ManifestFile:"Debug\MyCalculator.exe.intermediate.manifest" /MANIFESTUAC:"level='asInvoker' uiAccess='false'" /DEBUG /PDB:"C:\Users\PRouff010\Desktop\My Stuff\MyCalculator\Debug\MyCalculator.pdb" /SUBSYSTEM:CONSOLE /TLBID:1 /DYNAMICBASE /NXCOMPAT /IMPLIB:"C:\Users\PRouff010\Desktop\My Stuff\MyCalculator\Debug\MyCalculator.lib" /MACHINE:X86 Debug\MyCalculator.exe.embed.manifest.res
         Debug\MyCalc.obj
       Manifest:
         C:\Program Files (x86)\Microsoft SDKs\Windows\v7.0A\bin\mt.exe /nologo /verbose /out:"Debug\MyCalculator.exe.embed.manifest" /manifest Debug\MyCalculator.exe.intermediate.manifest
         C:\Program Files (x86)\Microsoft SDKs\Windows\v7.0A\bin\rc.exe /nologo /fo"Debug\MyCalculator.exe.embed.manifest.res" Debug\MyCalculator_manifest.rc 
       LinkEmbedManifest:
         C:\Program Files (x86)\Microsoft Visual Studio 10.0\VC\bin\link.exe /ERRORREPORT:PROMPT /OUT:"C:\Users\PRouff010\Desktop\My Stuff\MyCalculator\Debug\MyCalculator.exe" /INCREMENTAL /NOLOGO kernel32.lib user32.lib gdi32.lib winspool.lib comdlg32.lib advapi32.lib shell32.lib ole32.lib oleaut32.lib uuid.lib odbc32.lib odbccp32.lib /MANIFEST /ManifestFile:"Debug\MyCalculator.exe.intermediate.manifest" /MANIFESTUAC:"level='asInvoker' uiAccess='false'" /DEBUG /PDB:"C:\Users\PRouff010\Desktop\My Stuff\MyCalculator\Debug\MyCalculator.pdb" /SUBSYSTEM:CONSOLE /TLBID:1 /DYNAMICBASE /NXCOMPAT /IMPLIB:"C:\Users\PRouff010\Desktop\My Stuff\MyCalculator\Debug\MyCalculator.lib" /MACHINE:X86 Debug\MyCalculator.exe.embed.manifest.res
         Debug\MyCalc.obj
         MyCalculator.vcxproj -> C:\Users\PRouff010\Desktop\My Stuff\MyCalculator\Debug\MyCalculator.exe
       FinalizeBuildStatus:
         Deleting file "Debug\MyCalculator.unsuccessfulbuild".
         Touching "Debug\MyCalculator.lastbuildstate".
     1>Done Building Project "C:\Users\PRouff010\Desktop\My Stuff\MyCalculator\MyCalculator\MyCalculator.vcxproj" (build target(s)).

Build succeeded.

Time Elapsed 00:00:01.31
